2013/10/22 11:37:48 [error] [exception.CHttpException.404] exception 'CHttpException' with message 'The system is unable to find the requested action "index".' in /var/www/frameworks/yii-1.1.13.e9e4a0/framework/web/CController.php:483
Stack trace:
#0 /var/www/frameworks/yii-1.1.13.e9e4a0/framework/web/CController.php(270): CController->missingAction('index')
#1 /var/www/frameworks/yii-1.1.13.e9e4a0/framework/web/CWebApplication.php(282): CController->run('index')
#2 /var/www/frameworks/yii-1.1.13.e9e4a0/framework/web/CWebApplication.php(141): CWebApplication->runController('chat/index')
#3 /var/www/frameworks/yii-1.1.13.e9e4a0/framework/base/CApplication.php(169): CWebApplication->processRequest()
#4 /var/www/test/chatyii/index.php(13): CApplication->run()
#5 {main}
REQUEST_URI=/test/chatyii/index.php?r=chat/index
HTTP_REFERER=http://localhost/test/chatyii/index.php?r=site/login
---
2013/10/22 11:51:06 [error] [php] fread(): Length parameter must be greater than 0 (/var/www/test/chatyii/protected/controllers/ChatController.php:63)
Stack trace:
#0 /var/www/frameworks/yii-1.1.13.e9e4a0/framework/web/CController.php(308): CInlineAction->runWithParams()
#1 /var/www/frameworks/yii-1.1.13.e9e4a0/framework/web/filters/CFilterChain.php(133): ChatController->runAction()
#2 /var/www/frameworks/yii-1.1.13.e9e4a0/framework/web/filters/CFilter.php(40): CFilterChain->run()
#3 /var/www/frameworks/yii-1.1.13.e9e4a0/framework/web/CController.php(1145): CAccessControlFilter->filter()
#4 /var/www/frameworks/yii-1.1.13.e9e4a0/framework/web/filters/CInlineFilter.php(58): ChatController->filterAccessControl()
#5 /var/www/frameworks/yii-1.1.13.e9e4a0/framework/web/filters/CFilterChain.php(130): CInlineFilter->filter()
#6 /var/www/frameworks/yii-1.1.13.e9e4a0/framework/web/CController.php(291): CFilterChain->run()
#7 /var/www/frameworks/yii-1.1.13.e9e4a0/framework/web/CController.php(265): ChatController->runActionWithFilters()
#8 /var/www/frameworks/yii-1.1.13.e9e4a0/framework/web/CWebApplication.php(282): ChatController->run()
#9 /var/www/frameworks/yii-1.1.13.e9e4a0/framework/web/CWebApplication.php(141): CWebApplication->runController()
#10 /var/www/frameworks/yii-1.1.13.e9e4a0/framework/base/CApplication.php(169): CWebApplication->processRequest()
#11 /var/www/test/chatyii/index.php(13): CWebApplication->run()
REQUEST_URI=/test/chatyii/index.php?r=chat/log&_=1382424666240
in /var/www/test/chatyii/protected/controllers/ChatController.php (63)
in /var/www/test/chatyii/index.php (13)
2013/10/22 11:51:08 [error] [php] fread(): Length parameter must be greater than 0 (/var/www/test/chatyii/protected/controllers/ChatController.php:63)
Stack trace:
#0 /var/www/frameworks/yii-1.1.13.e9e4a0/framework/web/CController.php(308): CInlineAction->runWithParams()
#1 /var/www/frameworks/yii-1.1.13.e9e4a0/framework/web/filters/CFilterChain.php(133): ChatController->runAction()
#2 /var/www/frameworks/yii-1.1.13.e9e4a0/framework/web/filters/CFilter.php(40): CFilterChain->run()
#3 /var/www/frameworks/yii-1.1.13.e9e4a0/framework/web/CController.php(1145): CAccessControlFilter->filter()
#4 /var/www/frameworks/yii-1.1.13.e9e4a0/framework/web/filters/CInlineFilter.php(58): ChatController->filterAccessControl()
#5 /var/www/frameworks/yii-1.1.13.e9e4a0/framework/web/filters/CFilterChain.php(130): CInlineFilter->filter()
#6 /var/www/frameworks/yii-1.1.13.e9e4a0/framework/web/CController.php(291): CFilterChain->run()
#7 /var/www/frameworks/yii-1.1.13.e9e4a0/framework/web/CController.php(265): ChatController->runActionWithFilters()
#8 /var/www/frameworks/yii-1.1.13.e9e4a0/framework/web/CWebApplication.php(282): ChatController->run()
#9 /var/www/frameworks/yii-1.1.13.e9e4a0/framework/web/CWebApplication.php(141): CWebApplication->runController()
#10 /var/www/frameworks/yii-1.1.13.e9e4a0/framework/base/CApplication.php(169): CWebApplication->processRequest()
#11 /var/www/test/chatyii/index.php(13): CWebApplication->run()
REQUEST_URI=/test/chatyii/index.php?r=chat/log&_=1382424668738
in /var/www/test/chatyii/protected/controllers/ChatController.php (63)
in /var/www/test/chatyii/index.php (13)
2013/10/22 11:51:11 [error] [php] fread(): Length parameter must be greater than 0 (/var/www/test/chatyii/protected/controllers/ChatController.php:63)
Stack trace:
#0 /var/www/frameworks/yii-1.1.13.e9e4a0/framework/web/CController.php(308): CInlineAction->runWithParams()
#1 /var/www/frameworks/yii-1.1.13.e9e4a0/framework/web/filters/CFilterChain.php(133): ChatController->runAction()
#2 /var/www/frameworks/yii-1.1.13.e9e4a0/framework/web/filters/CFilter.php(40): CFilterChain->run()
#3 /var/www/frameworks/yii-1.1.13.e9e4a0/framework/web/CController.php(1145): CAccessControlFilter->filter()
#4 /var/www/frameworks/yii-1.1.13.e9e4a0/framework/web/filters/CInlineFilter.php(58): ChatController->filterAccessControl()
#5 /var/www/frameworks/yii-1.1.13.e9e4a0/framework/web/filters/CFilterChain.php(130): CInlineFilter->filter()
#6 /var/www/frameworks/yii-1.1.13.e9e4a0/framework/web/CController.php(291): CFilterChain->run()
#7 /var/www/frameworks/yii-1.1.13.e9e4a0/framework/web/CController.php(265): ChatController->runActionWithFilters()
#8 /var/www/frameworks/yii-1.1.13.e9e4a0/framework/web/CWebApplication.php(282): ChatController->run()
#9 /var/www/frameworks/yii-1.1.13.e9e4a0/framework/web/CWebApplication.php(141): CWebApplication->runController()
#10 /var/www/frameworks/yii-1.1.13.e9e4a0/framework/base/CApplication.php(169): CWebApplication->processRequest()
#11 /var/www/test/chatyii/index.php(13): CWebApplication->run()
REQUEST_URI=/test/chatyii/index.php?r=chat/log&_=1382424671236
in /var/www/test/chatyii/protected/controllers/ChatController.php (63)
in /var/www/test/chatyii/index.php (13)
2013/10/22 11:51:13 [error] [php] fread(): Length parameter must be greater than 0 (/var/www/test/chatyii/protected/controllers/ChatController.php:63)
Stack trace:
#0 /var/www/frameworks/yii-1.1.13.e9e4a0/framework/web/CController.php(308): CInlineAction->runWithParams()
#1 /var/www/frameworks/yii-1.1.13.e9e4a0/framework/web/filters/CFilterChain.php(133): ChatController->runAction()
#2 /var/www/frameworks/yii-1.1.13.e9e4a0/framework/web/filters/CFilter.php(40): CFilterChain->run()
#3 /var/www/frameworks/yii-1.1.13.e9e4a0/framework/web/CController.php(1145): CAccessControlFilter->filter()
#4 /var/www/frameworks/yii-1.1.13.e9e4a0/framework/web/filters/CInlineFilter.php(58): ChatController->filterAccessControl()
#5 /var/www/frameworks/yii-1.1.13.e9e4a0/framework/web/filters/CFilterChain.php(130): CInlineFilter->filter()
#6 /var/www/frameworks/yii-1.1.13.e9e4a0/framework/web/CController.php(291): CFilterChain->run()
#7 /var/www/frameworks/yii-1.1.13.e9e4a0/framework/web/CController.php(265): ChatController->runActionWithFilters()
#8 /var/www/frameworks/yii-1.1.13.e9e4a0/framework/web/CWebApplication.php(282): ChatController->run()
#9 /var/www/frameworks/yii-1.1.13.e9e4a0/framework/web/CWebApplication.php(141): CWebApplication->runController()
#10 /var/www/frameworks/yii-1.1.13.e9e4a0/framework/base/CApplication.php(169): CWebApplication->processRequest()
#11 /var/www/test/chatyii/index.php(13): CWebApplication->run()
REQUEST_URI=/test/chatyii/index.php?r=chat/log&_=1382424673740
in /var/www/test/chatyii/protected/controllers/ChatController.php (63)
in /var/www/test/chatyii/index.php (13)
2013/10/22 11:51:16 [error] [php] fread(): Length parameter must be greater than 0 (/var/www/test/chatyii/protected/controllers/ChatController.php:63)
Stack trace:
#0 /var/www/frameworks/yii-1.1.13.e9e4a0/framework/web/CController.php(308): CInlineAction->runWithParams()
#1 /var/www/frameworks/yii-1.1.13.e9e4a0/framework/web/filters/CFilterChain.php(133): ChatController->runAction()
#2 /var/www/frameworks/yii-1.1.13.e9e4a0/framework/web/filters/CFilter.php(40): CFilterChain->run()
#3 /var/www/frameworks/yii-1.1.13.e9e4a0/framework/web/CController.php(1145): CAccessControlFilter->filter()
#4 /var/www/frameworks/yii-1.1.13.e9e4a0/framework/web/filters/CInlineFilter.php(58): ChatController->filterAccessControl()
#5 /var/www/frameworks/yii-1.1.13.e9e4a0/framework/web/filters/CFilterChain.php(130): CInlineFilter->filter()
#6 /var/www/frameworks/yii-1.1.13.e9e4a0/framework/web/CController.php(291): CFilterChain->run()
#7 /var/www/frameworks/yii-1.1.13.e9e4a0/framework/web/CController.php(265): ChatController->runActionWithFilters()
#8 /var/www/frameworks/yii-1.1.13.e9e4a0/framework/web/CWebApplication.php(282): ChatController->run()
#9 /var/www/frameworks/yii-1.1.13.e9e4a0/framework/web/CWebApplication.php(141): CWebApplication->runController()
#10 /var/www/frameworks/yii-1.1.13.e9e4a0/framework/base/CApplication.php(169): CWebApplication->processRequest()
#11 /var/www/test/chatyii/index.php(13): CWebApplication->run()
REQUEST_URI=/test/chatyii/index.php?r=chat/log&_=1382424676237
in /var/www/test/chatyii/protected/controllers/ChatController.php (63)
in /var/www/test/chatyii/index.php (13)
2013/10/22 11:51:18 [error] [php] fread(): Length parameter must be greater than 0 (/var/www/test/chatyii/protected/controllers/ChatController.php:63)
Stack trace:
#0 /var/www/frameworks/yii-1.1.13.e9e4a0/framework/web/CController.php(308): CInlineAction->runWithParams()
#1 /var/www/frameworks/yii-1.1.13.e9e4a0/framework/web/filters/CFilterChain.php(133): ChatController->runAction()
#2 /var/www/frameworks/yii-1.1.13.e9e4a0/framework/web/filters/CFilter.php(40): CFilterChain->run()
#3 /var/www/frameworks/yii-1.1.13.e9e4a0/framework/web/CController.php(1145): CAccessControlFilter->filter()
#4 /var/www/frameworks/yii-1.1.13.e9e4a0/framework/web/filters/CInlineFilter.php(58): ChatController->filterAccessControl()
#5 /var/www/frameworks/yii-1.1.13.e9e4a0/framework/web/filters/CFilterChain.php(130): CInlineFilter->filter()
#6 /var/www/frameworks/yii-1.1.13.e9e4a0/framework/web/CController.php(291): CFilterChain->run()
#7 /var/www/frameworks/yii-1.1.13.e9e4a0/framework/web/CController.php(265): ChatController->runActionWithFilters()
#8 /var/www/frameworks/yii-1.1.13.e9e4a0/framework/web/CWebApplication.php(282): ChatController->run()
#9 /var/www/frameworks/yii-1.1.13.e9e4a0/framework/web/CWebApplication.php(141): CWebApplication->runController()
#10 /var/www/frameworks/yii-1.1.13.e9e4a0/framework/base/CApplication.php(169): CWebApplication->processRequest()
#11 /var/www/test/chatyii/index.php(13): CWebApplication->run()
REQUEST_URI=/test/chatyii/index.php?r=chat/log&_=1382424678737
in /var/www/test/chatyii/protected/controllers/ChatController.php (63)
in /var/www/test/chatyii/index.php (13)
2013/10/22 11:51:21 [error] [php] fread(): Length parameter must be greater than 0 (/var/www/test/chatyii/protected/controllers/ChatController.php:63)
Stack trace:
#0 /var/www/frameworks/yii-1.1.13.e9e4a0/framework/web/CController.php(308): CInlineAction->runWithParams()
#1 /var/www/frameworks/yii-1.1.13.e9e4a0/framework/web/filters/CFilterChain.php(133): ChatController->runAction()
#2 /var/www/frameworks/yii-1.1.13.e9e4a0/framework/web/filters/CFilter.php(40): CFilterChain->run()
#3 /var/www/frameworks/yii-1.1.13.e9e4a0/framework/web/CController.php(1145): CAccessControlFilter->filter()
#4 /var/www/frameworks/yii-1.1.13.e9e4a0/framework/web/filters/CInlineFilter.php(58): ChatController->filterAccessControl()
#5 /var/www/frameworks/yii-1.1.13.e9e4a0/framework/web/filters/CFilterChain.php(130): CInlineFilter->filter()
#6 /var/www/frameworks/yii-1.1.13.e9e4a0/framework/web/CController.php(291): CFilterChain->run()
#7 /var/www/frameworks/yii-1.1.13.e9e4a0/framework/web/CController.php(265): ChatController->runActionWithFilters()
#8 /var/www/frameworks/yii-1.1.13.e9e4a0/framework/web/CWebApplication.php(282): ChatController->run()
#9 /var/www/frameworks/yii-1.1.13.e9e4a0/framework/web/CWebApplication.php(141): CWebApplication->runController()
#10 /var/www/frameworks/yii-1.1.13.e9e4a0/framework/base/CApplication.php(169): CWebApplication->processRequest()
#11 /var/www/test/chatyii/index.php(13): CWebApplication->run()
REQUEST_URI=/test/chatyii/index.php?r=chat/log&_=1382424681239
in /var/www/test/chatyii/protected/controllers/ChatController.php (63)
in /var/www/test/chatyii/index.php (13)
2013/10/22 11:51:23 [error] [php] fread(): Length parameter must be greater than 0 (/var/www/test/chatyii/protected/controllers/ChatController.php:63)
Stack trace:
#0 /var/www/frameworks/yii-1.1.13.e9e4a0/framework/web/CController.php(308): CInlineAction->runWithParams()
#1 /var/www/frameworks/yii-1.1.13.e9e4a0/framework/web/filters/CFilterChain.php(133): ChatController->runAction()
#2 /var/www/frameworks/yii-1.1.13.e9e4a0/framework/web/filters/CFilter.php(40): CFilterChain->run()
#3 /var/www/frameworks/yii-1.1.13.e9e4a0/framework/web/CController.php(1145): CAccessControlFilter->filter()
#4 /var/www/frameworks/yii-1.1.13.e9e4a0/framework/web/filters/CInlineFilter.php(58): ChatController->filterAccessControl()
#5 /var/www/frameworks/yii-1.1.13.e9e4a0/framework/web/filters/CFilterChain.php(130): CInlineFilter->filter()
#6 /var/www/frameworks/yii-1.1.13.e9e4a0/framework/web/CController.php(291): CFilterChain->run()
#7 /var/www/frameworks/yii-1.1.13.e9e4a0/framework/web/CController.php(265): ChatController->runActionWithFilters()
#8 /var/www/frameworks/yii-1.1.13.e9e4a0/framework/web/CWebApplication.php(282): ChatController->run()
#9 /var/www/frameworks/yii-1.1.13.e9e4a0/framework/web/CWebApplication.php(141): CWebApplication->runController()
#10 /var/www/frameworks/yii-1.1.13.e9e4a0/framework/base/CApplication.php(169): CWebApplication->processRequest()
#11 /var/www/test/chatyii/index.php(13): CWebApplication->run()
REQUEST_URI=/test/chatyii/index.php?r=chat/log&_=1382424683736
in /var/www/test/chatyii/protected/controllers/ChatController.php (63)
in /var/www/test/chatyii/index.php (13)
2013/10/22 11:51:26 [error] [php] fread(): Length parameter must be greater than 0 (/var/www/test/chatyii/protected/controllers/ChatController.php:63)
Stack trace:
#0 /var/www/frameworks/yii-1.1.13.e9e4a0/framework/web/CController.php(308): CInlineAction->runWithParams()
#1 /var/www/frameworks/yii-1.1.13.e9e4a0/framework/web/filters/CFilterChain.php(133): ChatController->runAction()
#2 /var/www/frameworks/yii-1.1.13.e9e4a0/framework/web/filters/CFilter.php(40): CFilterChain->run()
#3 /var/www/frameworks/yii-1.1.13.e9e4a0/framework/web/CController.php(1145): CAccessControlFilter->filter()
#4 /var/www/frameworks/yii-1.1.13.e9e4a0/framework/web/filters/CInlineFilter.php(58): ChatController->filterAccessControl()
#5 /var/www/frameworks/yii-1.1.13.e9e4a0/framework/web/filters/CFilterChain.php(130): CInlineFilter->filter()
#6 /var/www/frameworks/yii-1.1.13.e9e4a0/framework/web/CController.php(291): CFilterChain->run()
#7 /var/www/frameworks/yii-1.1.13.e9e4a0/framework/web/CController.php(265): ChatController->runActionWithFilters()
#8 /var/www/frameworks/yii-1.1.13.e9e4a0/framework/web/CWebApplication.php(282): ChatController->run()
#9 /var/www/frameworks/yii-1.1.13.e9e4a0/framework/web/CWebApplication.php(141): CWebApplication->runController()
#10 /var/www/frameworks/yii-1.1.13.e9e4a0/framework/base/CApplication.php(169): CWebApplication->processRequest()
#11 /var/www/test/chatyii/index.php(13): CWebApplication->run()
REQUEST_URI=/test/chatyii/index.php?r=chat/log&_=1382424686240
in /var/www/test/chatyii/protected/controllers/ChatController.php (63)
in /var/www/test/chatyii/index.php (13)
2013/10/22 11:51:28 [error] [php] fread(): Length parameter must be greater than 0 (/var/www/test/chatyii/protected/controllers/ChatController.php:63)
Stack trace:
#0 /var/www/frameworks/yii-1.1.13.e9e4a0/framework/web/CController.php(308): CInlineAction->runWithParams()
#1 /var/www/frameworks/yii-1.1.13.e9e4a0/framework/web/filters/CFilterChain.php(133): ChatController->runAction()
#2 /var/www/frameworks/yii-1.1.13.e9e4a0/framework/web/filters/CFilter.php(40): CFilterChain->run()
#3 /var/www/frameworks/yii-1.1.13.e9e4a0/framework/web/CController.php(1145): CAccessControlFilter->filter()
#4 /var/www/frameworks/yii-1.1.13.e9e4a0/framework/web/filters/CInlineFilter.php(58): ChatController->filterAccessControl()
#5 /var/www/frameworks/yii-1.1.13.e9e4a0/framework/web/filters/CFilterChain.php(130): CInlineFilter->filter()
#6 /var/www/frameworks/yii-1.1.13.e9e4a0/framework/web/CController.php(291): CFilterChain->run()
#7 /var/www/frameworks/yii-1.1.13.e9e4a0/framework/web/CController.php(265): ChatController->runActionWithFilters()
#8 /var/www/frameworks/yii-1.1.13.e9e4a0/framework/web/CWebApplication.php(282): ChatController->run()
#9 /var/www/frameworks/yii-1.1.13.e9e4a0/framework/web/CWebApplication.php(141): CWebApplication->runController()
#10 /var/www/frameworks/yii-1.1.13.e9e4a0/framework/base/CApplication.php(169): CWebApplication->processRequest()
#11 /var/www/test/chatyii/index.php(13): CWebApplication->run()
REQUEST_URI=/test/chatyii/index.php?r=chat/log&_=1382424688737
in /var/www/test/chatyii/protected/controllers/ChatController.php (63)
in /var/www/test/chatyii/index.php (13)
2013/10/22 11:51:31 [error] [php] fread(): Length parameter must be greater than 0 (/var/www/test/chatyii/protected/controllers/ChatController.php:63)
Stack trace:
#0 /var/www/frameworks/yii-1.1.13.e9e4a0/framework/web/CController.php(308): CInlineAction->runWithParams()
#1 /var/www/frameworks/yii-1.1.13.e9e4a0/framework/web/filters/CFilterChain.php(133): ChatController->runAction()
#2 /var/www/frameworks/yii-1.1.13.e9e4a0/framework/web/filters/CFilter.php(40): CFilterChain->run()
#3 /var/www/frameworks/yii-1.1.13.e9e4a0/framework/web/CController.php(1145): CAccessControlFilter->filter()
#4 /var/www/frameworks/yii-1.1.13.e9e4a0/framework/web/filters/CInlineFilter.php(58): ChatController->filterAccessControl()
#5 /var/www/frameworks/yii-1.1.13.e9e4a0/framework/web/filters/CFilterChain.php(130): CInlineFilter->filter()
#6 /var/www/frameworks/yii-1.1.13.e9e4a0/framework/web/CController.php(291): CFilterChain->run()
#7 /var/www/frameworks/yii-1.1.13.e9e4a0/framework/web/CController.php(265): ChatController->runActionWithFilters()
#8 /var/www/frameworks/yii-1.1.13.e9e4a0/framework/web/CWebApplication.php(282): ChatController->run()
#9 /var/www/frameworks/yii-1.1.13.e9e4a0/framework/web/CWebApplication.php(141): CWebApplication->runController()
#10 /var/www/frameworks/yii-1.1.13.e9e4a0/framework/base/CApplication.php(169): CWebApplication->processRequest()
#11 /var/www/test/chatyii/index.php(13): CWebApplication->run()
REQUEST_URI=/test/chatyii/index.php?r=chat/log&_=1382424666240
in /var/www/test/chatyii/protected/controllers/ChatController.php (63)
in /var/www/test/chatyii/index.php (13)
2013/10/22 11:51:31 [error] [php] fread(): Length parameter must be greater than 0 (/var/www/test/chatyii/protected/controllers/ChatController.php:63)
Stack trace:
#0 /var/www/frameworks/yii-1.1.13.e9e4a0/framework/web/CController.php(308): CInlineAction->runWithParams()
#1 /var/www/frameworks/yii-1.1.13.e9e4a0/framework/web/filters/CFilterChain.php(133): ChatController->runAction()
#2 /var/www/frameworks/yii-1.1.13.e9e4a0/framework/web/filters/CFilter.php(40): CFilterChain->run()
#3 /var/www/frameworks/yii-1.1.13.e9e4a0/framework/web/CController.php(1145): CAccessControlFilter->filter()
#4 /var/www/frameworks/yii-1.1.13.e9e4a0/framework/web/filters/CInlineFilter.php(58): ChatController->filterAccessControl()
#5 /var/www/frameworks/yii-1.1.13.e9e4a0/framework/web/filters/CFilterChain.php(130): CInlineFilter->filter()
#6 /var/www/frameworks/yii-1.1.13.e9e4a0/framework/web/CController.php(291): CFilterChain->run()
#7 /var/www/frameworks/yii-1.1.13.e9e4a0/framework/web/CController.php(265): ChatController->runActionWithFilters()
#8 /var/www/frameworks/yii-1.1.13.e9e4a0/framework/web/CWebApplication.php(282): ChatController->run()
#9 /var/www/frameworks/yii-1.1.13.e9e4a0/framework/web/CWebApplication.php(141): CWebApplication->runController()
#10 /var/www/frameworks/yii-1.1.13.e9e4a0/framework/base/CApplication.php(169): CWebApplication->processRequest()
#11 /var/www/test/chatyii/index.php(13): CWebApplication->run()
REQUEST_URI=/test/chatyii/index.php?r=chat/log&_=1382424691443
in /var/www/test/chatyii/protected/controllers/ChatController.php (63)
in /var/www/test/chatyii/index.php (13)
2013/10/22 11:51:33 [error] [php] fread(): Length parameter must be greater than 0 (/var/www/test/chatyii/protected/controllers/ChatController.php:63)
Stack trace:
#0 /var/www/frameworks/yii-1.1.13.e9e4a0/framework/web/CController.php(308): CInlineAction->runWithParams()
#1 /var/www/frameworks/yii-1.1.13.e9e4a0/framework/web/filters/CFilterChain.php(133): ChatController->runAction()
#2 /var/www/frameworks/yii-1.1.13.e9e4a0/framework/web/filters/CFilter.php(40): CFilterChain->run()
#3 /var/www/frameworks/yii-1.1.13.e9e4a0/framework/web/CController.php(1145): CAccessControlFilter->filter()
#4 /var/www/frameworks/yii-1.1.13.e9e4a0/framework/web/filters/CInlineFilter.php(58): ChatController->filterAccessControl()
#5 /var/www/frameworks/yii-1.1.13.e9e4a0/framework/web/filters/CFilterChain.php(130): CInlineFilter->filter()
#6 /var/www/frameworks/yii-1.1.13.e9e4a0/framework/web/CController.php(291): CFilterChain->run()
#7 /var/www/frameworks/yii-1.1.13.e9e4a0/framework/web/CController.php(265): ChatController->runActionWithFilters()
#8 /var/www/frameworks/yii-1.1.13.e9e4a0/framework/web/CWebApplication.php(282): ChatController->run()
#9 /var/www/frameworks/yii-1.1.13.e9e4a0/framework/web/CWebApplication.php(141): CWebApplication->runController()
#10 /var/www/frameworks/yii-1.1.13.e9e4a0/framework/base/CApplication.php(169): CWebApplication->processRequest()
#11 /var/www/test/chatyii/index.php(13): CWebApplication->run()
REQUEST_URI=/test/chatyii/index.php?r=chat/log&_=1382424693740
in /var/www/test/chatyii/protected/controllers/ChatController.php (63)
in /var/www/test/chatyii/index.php (13)
2013/10/22 11:51:36 [error] [php] fread(): Length parameter must be greater than 0 (/var/www/test/chatyii/protected/controllers/ChatController.php:63)
Stack trace:
#0 /var/www/frameworks/yii-1.1.13.e9e4a0/framework/web/CController.php(308): CInlineAction->runWithParams()
#1 /var/www/frameworks/yii-1.1.13.e9e4a0/framework/web/filters/CFilterChain.php(133): ChatController->runAction()
#2 /var/www/frameworks/yii-1.1.13.e9e4a0/framework/web/filters/CFilter.php(40): CFilterChain->run()
#3 /var/www/frameworks/yii-1.1.13.e9e4a0/framework/web/CController.php(1145): CAccessControlFilter->filter()
#4 /var/www/frameworks/yii-1.1.13.e9e4a0/framework/web/filters/CInlineFilter.php(58): ChatController->filterAccessControl()
#5 /var/www/frameworks/yii-1.1.13.e9e4a0/framework/web/filters/CFilterChain.php(130): CInlineFilter->filter()
#6 /var/www/frameworks/yii-1.1.13.e9e4a0/framework/web/CController.php(291): CFilterChain->run()
#7 /var/www/frameworks/yii-1.1.13.e9e4a0/framework/web/CController.php(265): ChatController->runActionWithFilters()
#8 /var/www/frameworks/yii-1.1.13.e9e4a0/framework/web/CWebApplication.php(282): ChatController->run()
#9 /var/www/frameworks/yii-1.1.13.e9e4a0/framework/web/CWebApplication.php(141): CWebApplication->runController()
#10 /var/www/frameworks/yii-1.1.13.e9e4a0/framework/base/CApplication.php(169): CWebApplication->processRequest()
#11 /var/www/test/chatyii/index.php(13): CWebApplication->run()
REQUEST_URI=/test/chatyii/index.php?r=chat/log&_=1382424696237
in /var/www/test/chatyii/protected/controllers/ChatController.php (63)
in /var/www/test/chatyii/index.php (13)
2013/10/22 11:51:38 [error] [php] fread(): Length parameter must be greater than 0 (/var/www/test/chatyii/protected/controllers/ChatController.php:63)
Stack trace:
#0 /var/www/frameworks/yii-1.1.13.e9e4a0/framework/web/CController.php(308): CInlineAction->runWithParams()
#1 /var/www/frameworks/yii-1.1.13.e9e4a0/framework/web/filters/CFilterChain.php(133): ChatController->runAction()
#2 /var/www/frameworks/yii-1.1.13.e9e4a0/framework/web/filters/CFilter.php(40): CFilterChain->run()
#3 /var/www/frameworks/yii-1.1.13.e9e4a0/framework/web/CController.php(1145): CAccessControlFilter->filter()
#4 /var/www/frameworks/yii-1.1.13.e9e4a0/framework/web/filters/CInlineFilter.php(58): ChatController->filterAccessControl()
#5 /var/www/frameworks/yii-1.1.13.e9e4a0/framework/web/filters/CFilterChain.php(130): CInlineFilter->filter()
#6 /var/www/frameworks/yii-1.1.13.e9e4a0/framework/web/CController.php(291): CFilterChain->run()
#7 /var/www/frameworks/yii-1.1.13.e9e4a0/framework/web/CController.php(265): ChatController->runActionWithFilters()
#8 /var/www/frameworks/yii-1.1.13.e9e4a0/framework/web/CWebApplication.php(282): ChatController->run()
#9 /var/www/frameworks/yii-1.1.13.e9e4a0/framework/web/CWebApplication.php(141): CWebApplication->runController()
#10 /var/www/frameworks/yii-1.1.13.e9e4a0/framework/base/CApplication.php(169): CWebApplication->processRequest()
#11 /var/www/test/chatyii/index.php(13): CWebApplication->run()
REQUEST_URI=/test/chatyii/index.php?r=chat/log&_=1382424698737
in /var/www/test/chatyii/protected/controllers/ChatController.php (63)
in /var/www/test/chatyii/index.php (13)
2013/10/22 11:51:41 [error] [php] fread(): Length parameter must be greater than 0 (/var/www/test/chatyii/protected/controllers/ChatController.php:63)
Stack trace:
#0 /var/www/frameworks/yii-1.1.13.e9e4a0/framework/web/CController.php(308): CInlineAction->runWithParams()
#1 /var/www/frameworks/yii-1.1.13.e9e4a0/framework/web/filters/CFilterChain.php(133): ChatController->runAction()
#2 /var/www/frameworks/yii-1.1.13.e9e4a0/framework/web/filters/CFilter.php(40): CFilterChain->run()
#3 /var/www/frameworks/yii-1.1.13.e9e4a0/framework/web/CController.php(1145): CAccessControlFilter->filter()
#4 /var/www/frameworks/yii-1.1.13.e9e4a0/framework/web/filters/CInlineFilter.php(58): ChatController->filterAccessControl()
#5 /var/www/frameworks/yii-1.1.13.e9e4a0/framework/web/filters/CFilterChain.php(130): CInlineFilter->filter()
#6 /var/www/frameworks/yii-1.1.13.e9e4a0/framework/web/CController.php(291): CFilterChain->run()
#7 /var/www/frameworks/yii-1.1.13.e9e4a0/framework/web/CController.php(265): ChatController->runActionWithFilters()
#8 /var/www/frameworks/yii-1.1.13.e9e4a0/framework/web/CWebApplication.php(282): ChatController->run()
#9 /var/www/frameworks/yii-1.1.13.e9e4a0/framework/web/CWebApplication.php(141): CWebApplication->runController()
#10 /var/www/frameworks/yii-1.1.13.e9e4a0/framework/base/CApplication.php(169): CWebApplication->processRequest()
#11 /var/www/test/chatyii/index.php(13): CWebApplication->run()
REQUEST_URI=/test/chatyii/index.php?r=chat/log&_=1382424701244
in /var/www/test/chatyii/protected/controllers/ChatController.php (63)
in /var/www/test/chatyii/index.php (13)
2013/10/22 11:51:43 [error] [php] fread(): Length parameter must be greater than 0 (/var/www/test/chatyii/protected/controllers/ChatController.php:63)
Stack trace:
#0 /var/www/frameworks/yii-1.1.13.e9e4a0/framework/web/CController.php(308): CInlineAction->runWithParams()
#1 /var/www/frameworks/yii-1.1.13.e9e4a0/framework/web/filters/CFilterChain.php(133): ChatController->runAction()
#2 /var/www/frameworks/yii-1.1.13.e9e4a0/framework/web/filters/CFilter.php(40): CFilterChain->run()
#3 /var/www/frameworks/yii-1.1.13.e9e4a0/framework/web/CController.php(1145): CAccessControlFilter->filter()
#4 /var/www/frameworks/yii-1.1.13.e9e4a0/framework/web/filters/CInlineFilter.php(58): ChatController->filterAccessControl()
#5 /var/www/frameworks/yii-1.1.13.e9e4a0/framework/web/filters/CFilterChain.php(130): CInlineFilter->filter()
#6 /var/www/frameworks/yii-1.1.13.e9e4a0/framework/web/CController.php(291): CFilterChain->run()
#7 /var/www/frameworks/yii-1.1.13.e9e4a0/framework/web/CController.php(265): ChatController->runActionWithFilters()
#8 /var/www/frameworks/yii-1.1.13.e9e4a0/framework/web/CWebApplication.php(282): ChatController->run()
#9 /var/www/frameworks/yii-1.1.13.e9e4a0/framework/web/CWebApplication.php(141): CWebApplication->runController()
#10 /var/www/frameworks/yii-1.1.13.e9e4a0/framework/base/CApplication.php(169): CWebApplication->processRequest()
#11 /var/www/test/chatyii/index.php(13): CWebApplication->run()
REQUEST_URI=/test/chatyii/index.php?r=chat/log&_=1382424703734
in /var/www/test/chatyii/protected/controllers/ChatController.php (63)
in /var/www/test/chatyii/index.php (13)
